<?xml version="1.0" encoding="UTF-8"?>
<testng-results ignored="0" total="2" passed="2" failed="0" skipped="0">
  <reporter-output>
  </reporter-output>
  <suite started-at="2024-03-01T21:21:46 IST" name="Suite" finished-at="2024-03-01T21:22:12 IST" duration-ms="26095">
    <groups>
    </groups>
    <test started-at="2024-03-01T21:21:46 IST" name="Test" finished-at="2024-03-01T21:22:12 IST" duration-ms="26095">
      <class name="com.jbk.test.RegisterTest">
        <test-method is-config="true" signature="setUp(java.lang.String)[pri:0, instance:com.jbk.test.RegisterTest@550dbc7a]" started-at="2024-03-01T21:21:46 IST" name="setUp" finished-at="2024-03-01T21:21:52 IST" duration-ms="5447" status="PASS">
          <params>
            <param index="0">
              <value>
                <![CDATA[chrome]]>
              </value>
            </param>
          </params>
          <reporter-output>
          </reporter-output>
        </test-method> <!-- setUp -->
        <test-method signature="registerTC1()[pri:0, instance:com.jbk.test.RegisterTest@550dbc7a]" started-at="2024-03-01T21:21:52 IST" name="registerTC1" finished-at="2024-03-01T21:22:03 IST" duration-ms="11101" status="PASS">
          <reporter-output>
          </reporter-output>
        </test-method> <!-- registerTC1 -->
        <test-method is-config="true" signature="closeDriver()[pri:0, instance:com.jbk.test.RegisterTest@550dbc7a]" started-at="2024-03-01T21:22:03 IST" name="closeDriver" finished-at="2024-03-01T21:22:03 IST" duration-ms="271" status="PASS">
          <reporter-output>
          </reporter-output>
        </test-method> <!-- closeDriver -->
      </class> <!-- com.jbk.test.RegisterTest -->
      <class name="com.jbk.test.LoginTest">
        <test-method is-config="true" signature="setUp(java.lang.String)[pri:0, instance:com.jbk.test.LoginTest@4a883b15]" started-at="2024-03-01T21:22:03 IST" name="setUp" finished-at="2024-03-01T21:22:05 IST" duration-ms="2223" status="PASS">
          <params>
            <param index="0">
              <value>
                <![CDATA[chrome]]>
              </value>
            </param>
          </params>
          <reporter-output>
          </reporter-output>
        </test-method> <!-- setUp -->
        <test-method signature="loginTC1()[pri:0, instance:com.jbk.test.LoginTest@4a883b15]" started-at="2024-03-01T21:22:05 IST" name="loginTC1" finished-at="2024-03-01T21:22:12 IST" duration-ms="6521" status="PASS">
          <reporter-output>
          </reporter-output>
        </test-method> <!-- loginTC1 -->
        <test-method is-config="true" signature="closeDriver()[pri:0, instance:com.jbk.test.LoginTest@4a883b15]" started-at="2024-03-01T21:22:12 IST" name="closeDriver" finished-at="2024-03-01T21:22:12 IST" duration-ms="404" status="PASS">
          <reporter-output>
          </reporter-output>
        </test-method> <!-- closeDriver -->
      </class> <!-- com.jbk.test.LoginTest -->
    </test> <!-- Test -->
  </suite> <!-- Suite -->
</testng-results>
