<?xml version="1.0" encoding="UTF-8"?>
<testng-results ignored="0" total="1" passed="1" failed="0" skipped="0">
  <reporter-output>
  </reporter-output>
  <suite started-at="2024-02-28T22:03:13 IST" name="Default suite" finished-at="2024-02-28T22:03:26 IST" duration-ms="12579">
    <groups>
    </groups>
    <test started-at="2024-02-28T22:03:13 IST" name="Default test" finished-at="2024-02-28T22:03:26 IST" duration-ms="12579">
      <class name="com.jbk.test.LoginTest">
        <test-method is-config="true" signature="loginpage()[pri:0, instance:com.jbk.test.LoginTest@5b03b9fe]" started-at="2024-02-28T22:03:13 IST" name="loginpage" finished-at="2024-02-28T22:03:17 IST" duration-ms="4063" status="PASS">
          <reporter-output>
          </reporter-output>
        </test-method> <!-- loginpage -->
        <test-method signature="testCase1()[pri:0, instance:com.jbk.test.LoginTest@5b03b9fe]" started-at="2024-02-28T22:03:17 IST" name="testCase1" finished-at="2024-02-28T22:03:26 IST" duration-ms="8134" status="PASS">
          <reporter-output>
          </reporter-output>
        </test-method> <!-- testCase1 -->
        <test-method is-config="true" signature="closeDriver()[pri:0, instance:com.jbk.test.LoginTest@5b03b9fe]" started-at="2024-02-28T22:03:26 IST" name="closeDriver" finished-at="2024-02-28T22:03:26 IST" duration-ms="284" status="PASS">
          <reporter-output>
          </reporter-output>
        </test-method> <!-- closeDriver -->
      </class> <!-- com.jbk.test.LoginTest -->
    </test> <!-- Default test -->
  </suite> <!-- Default suite -->
</testng-results>
